2025-04-13 08:04:49 INFO log.py:21: Yasb v1.6.9
2025-04-13 08:04:49 INFO log.py:21: Yasb v1.6.9
2025-04-13 08:04:49 ERROR main.py:34: Another instance of the YASB is already running.
2025-04-13 08:04:49 INFO config.py:61: Created default config file at C:\Users\dagur\.config\yasb\config.yaml
2025-04-13 08:04:49 INFO config.py:75: Created default stylesheet at C:\Users\dagur\.config\yasb\styles.css
2025-04-13 08:04:51 DEBUG win32.py:55: Looking up time zone info from registry
2025-04-13 08:13:00 INFO weather.py:369: Fetched new weather data at 2025-04-13 08:13:00.622029
2025-04-13 08:13:00 DEBUG __init__.py:149: CoInitializeEx(None, 2)
2025-04-13 08:13:02 INFO watcher.py:39: Created file watcher for path C:\Users\dagur\.config\yasb
2025-04-13 08:13:02 INFO event_listener.py:53: Created named pipe yasb-cad87107-1879-11f0-bfa6-985f41fad8f8
2025-04-13 08:13:03 DEBUG _windows.py:213: Starting (proactor: <_IocpProactor overlapped#=0 result#=0>)...
2025-04-13 08:13:03 DEBUG _windows.py:192: Thread started
2025-04-13 08:13:03 INFO log.py:21: Yasb v1.6.9
2025-04-13 08:13:03 ERROR main.py:34: Another instance of the YASB is already running.
2025-04-13 08:24:47 INFO controller.py:27: Exiting Application from CLI...
2025-04-13 08:24:47 DEBUG _windows.py:218: Stopping worker thread...
2025-04-13 08:24:47 DEBUG _windows.py:201: Exiting thread
2025-04-13 08:24:47 DEBUG _windows.py:75: Closing
2025-04-13 08:24:48 INFO log.py:21: Yasb v1.6.9
2025-04-13 08:24:48 DEBUG win32.py:55: Looking up time zone info from registry
2025-04-13 08:24:48 INFO weather.py:369: Fetched new weather data at 2025-04-13 08:24:48.751527
2025-04-13 08:24:48 DEBUG __init__.py:149: CoInitializeEx(None, 2)
2025-04-13 08:24:49 INFO watcher.py:39: Created file watcher for path C:\Users\dagur\.config\yasb
2025-04-13 08:24:49 INFO event_listener.py:53: Created named pipe yasb-70805aa9-187b-11f0-9d9c-985f41fad8f8
2025-04-13 08:24:49 DEBUG _windows.py:213: Starting (proactor: <_IocpProactor overlapped#=0 result#=0>)...
2025-04-13 08:24:49 DEBUG _windows.py:192: Thread started
2025-04-13 08:28:14 INFO log.py:21: Yasb v1.6.9
2025-04-13 08:28:15 DEBUG win32.py:55: Looking up time zone info from registry
2025-04-13 08:28:23 INFO weather.py:369: Fetched new weather data at 2025-04-13 08:28:23.004224
2025-04-13 08:28:23 DEBUG __init__.py:149: CoInitializeEx(None, 2)
2025-04-13 08:28:24 INFO watcher.py:39: Created file watcher for path C:\Users\dagur\.config\yasb
2025-04-13 08:28:25 INFO event_listener.py:53: Created named pipe yasb-f0e1d6c1-187b-11f0-a943-985f41fad8f8
2025-04-13 08:28:25 DEBUG _windows.py:213: Starting (proactor: <_IocpProactor overlapped#=0 result#=0>)...
2025-04-13 08:28:25 DEBUG _windows.py:192: Thread started
2025-04-13 08:32:25 INFO controller.py:12: Reloading Application from tray...
2025-04-13 08:32:25 DEBUG _windows.py:218: Stopping worker thread...
2025-04-13 08:32:25 DEBUG _windows.py:201: Exiting thread
2025-04-13 08:32:25 DEBUG _windows.py:75: Closing
2025-04-13 08:32:26 INFO log.py:21: Yasb v1.6.9
2025-04-13 08:32:26 DEBUG win32.py:55: Looking up time zone info from registry
2025-04-13 08:32:26 INFO weather.py:369: Fetched new weather data at 2025-04-13 08:32:26.551641
2025-04-13 08:32:26 DEBUG __init__.py:149: CoInitializeEx(None, 2)
2025-04-13 08:32:27 INFO watcher.py:39: Created file watcher for path C:\Users\dagur\.config\yasb
2025-04-13 08:32:27 INFO event_listener.py:53: Created named pipe yasb-816a325d-187c-11f0-a612-985f41fad8f8
2025-04-13 08:32:27 DEBUG _windows.py:213: Starting (proactor: <_IocpProactor overlapped#=0 result#=0>)...
2025-04-13 08:32:27 DEBUG _windows.py:192: Thread started
2025-04-13 08:33:44 INFO controller.py:27: Exiting Application from CLI...
2025-04-13 08:33:44 DEBUG _windows.py:218: Stopping worker thread...
2025-04-13 08:33:44 DEBUG _windows.py:201: Exiting thread
2025-04-13 08:33:44 DEBUG _windows.py:75: Closing
2025-04-13 08:33:45 INFO log.py:21: Yasb v1.6.9
2025-04-13 08:33:45 DEBUG win32.py:55: Looking up time zone info from registry
2025-04-13 08:33:46 INFO weather.py:369: Fetched new weather data at 2025-04-13 08:33:46.298148
2025-04-13 08:33:46 DEBUG __init__.py:149: CoInitializeEx(None, 2)
2025-04-13 08:33:47 INFO watcher.py:39: Created file watcher for path C:\Users\dagur\.config\yasb
2025-04-13 08:33:47 INFO event_listener.py:53: Created named pipe yasb-b13b1019-187c-11f0-9618-985f41fad8f8
2025-04-13 08:33:47 DEBUG _windows.py:213: Starting (proactor: <_IocpProactor overlapped#=0 result#=0>)...
2025-04-13 08:33:47 DEBUG _windows.py:192: Thread started
2025-04-13 08:34:09 INFO controller.py:27: Exiting Application from CLI...
2025-04-13 08:34:09 DEBUG _windows.py:218: Stopping worker thread...
2025-04-13 08:34:09 DEBUG _windows.py:201: Exiting thread
2025-04-13 08:34:09 DEBUG _windows.py:75: Closing
2025-04-13 08:34:10 INFO log.py:21: Yasb v1.6.9
2025-04-13 08:34:11 DEBUG win32.py:55: Looking up time zone info from registry
2025-04-13 08:34:11 INFO weather.py:369: Fetched new weather data at 2025-04-13 08:34:11.466903
2025-04-13 08:34:11 DEBUG __init__.py:149: CoInitializeEx(None, 2)
2025-04-13 08:34:11 ERROR weather.py:473: Error fetching weather data: HTTP Error 403: Forbidden
2025-04-13 08:34:11 INFO watcher.py:39: Created file watcher for path C:\Users\dagur\.config\yasb
2025-04-13 08:34:11 INFO event_listener.py:53: Created named pipe yasb-bfa93387-187c-11f0-8475-985f41fad8f8
2025-04-13 08:34:11 DEBUG _windows.py:213: Starting (proactor: <_IocpProactor overlapped#=0 result#=0>)...
2025-04-13 08:34:11 DEBUG _windows.py:192: Thread started
2025-04-13 08:34:21 WARNING weather.py:173: Could not load day0 icon
2025-04-13 08:34:21 WARNING weather.py:194: Could not load day1 icon
2025-04-13 08:34:21 WARNING weather.py:214: Could not load day2 icon
2025-04-13 08:34:39 INFO controller.py:27: Exiting Application from CLI...
2025-04-13 08:34:39 DEBUG _windows.py:218: Stopping worker thread...
2025-04-13 08:34:39 DEBUG _windows.py:201: Exiting thread
2025-04-13 08:34:39 DEBUG _windows.py:75: Closing
2025-04-13 08:34:39 ERROR event_service.py:30: Failed to emit signal <bound PYQT_SIGNAL update_event of TaskbarWidget object at 0x000002BA137E20D0>. Removing link to WinEvent.EventObjectDestroy.
2025-04-13 08:34:40 INFO log.py:21: Yasb v1.6.9
2025-04-13 08:34:42 INFO weather.py:369: Fetched new weather data at 2025-04-13 08:34:42.202259
2025-04-13 08:34:42 DEBUG __init__.py:149: CoInitializeEx(None, 2)
2025-04-13 08:34:42 DEBUG win32.py:55: Looking up time zone info from registry
2025-04-13 08:34:43 INFO watcher.py:39: Created file watcher for path C:\Users\dagur\.config\yasb
2025-04-13 08:34:43 DEBUG _windows.py:213: Starting (proactor: <_IocpProactor overlapped#=0 result#=0>)...
2025-04-13 08:34:43 DEBUG _windows.py:192: Thread started
2025-04-13 08:37:12 INFO controller.py:27: Exiting Application from CLI...
2025-04-13 08:37:12 DEBUG _windows.py:218: Stopping worker thread...
2025-04-13 08:37:12 DEBUG _windows.py:201: Exiting thread
2025-04-13 08:37:12 DEBUG _windows.py:75: Closing
2025-04-13 08:37:13 INFO log.py:21: Yasb v1.6.9
2025-04-13 08:37:13 DEBUG win32.py:55: Looking up time zone info from registry
2025-04-13 08:37:13 DEBUG __init__.py:149: CoInitializeEx(None, 2)
2025-04-13 08:37:14 INFO weather.py:369: Fetched new weather data at 2025-04-13 08:37:14.056185
2025-04-13 08:37:14 ERROR weather.py:473: Error fetching weather data: HTTP Error 403: Forbidden
2025-04-13 08:37:14 ERROR github.py:410: HTTP Error occurred: 401 - {"message":"Bad credentials","documentation_url":"https://docs.github.com/rest","status":"401"}
2025-04-13 08:37:15 INFO watcher.py:39: Created file watcher for path C:\Users\dagur\.config\yasb
2025-04-13 08:37:15 INFO event_listener.py:53: Created named pipe yasb-2ccdd7de-187d-11f0-8baf-985f41fad8f8
2025-04-13 08:37:15 DEBUG _windows.py:213: Starting (proactor: <_IocpProactor overlapped#=0 result#=0>)...
2025-04-13 08:37:15 DEBUG _windows.py:192: Thread started
2025-04-13 08:41:14 INFO controller.py:27: Exiting Application from CLI...
2025-04-13 08:41:14 DEBUG _windows.py:218: Stopping worker thread...
2025-04-13 08:41:14 DEBUG _windows.py:201: Exiting thread
2025-04-13 08:41:14 DEBUG _windows.py:75: Closing
2025-04-13 08:41:17 INFO log.py:21: Yasb v1.6.9
2025-04-13 08:41:21 INFO weather.py:369: Fetched new weather data at 2025-04-13 08:41:21.461449
2025-04-13 08:41:21 DEBUG __init__.py:149: CoInitializeEx(None, 2)
2025-04-13 08:41:22 DEBUG win32.py:55: Looking up time zone info from registry
2025-04-13 08:41:29 INFO watcher.py:39: Created file watcher for path C:\Users\dagur\.config\yasb
2025-04-13 08:41:29 DEBUG _windows.py:213: Starting (proactor: <_IocpProactor overlapped#=0 result#=0>)...
2025-04-13 08:41:29 DEBUG _windows.py:192: Thread started
2025-04-13 08:41:30 INFO controller.py:27: Exiting Application from CLI...
2025-04-13 08:41:30 DEBUG _windows.py:218: Stopping worker thread...
2025-04-13 08:41:30 DEBUG _windows.py:201: Exiting thread
2025-04-13 08:41:30 DEBUG _windows.py:75: Closing
2025-04-13 08:41:31 INFO log.py:21: Yasb v1.6.9
2025-04-13 08:41:31 INFO weather.py:369: Fetched new weather data at 2025-04-13 08:41:31.900504
2025-04-13 08:41:31 DEBUG __init__.py:149: CoInitializeEx(None, 2)
2025-04-13 08:41:31 DEBUG win32.py:55: Looking up time zone info from registry
2025-04-13 08:41:32 INFO watcher.py:39: Created file watcher for path C:\Users\dagur\.config\yasb
2025-04-13 08:41:33 DEBUG _windows.py:213: Starting (proactor: <_IocpProactor overlapped#=0 result#=0>)...
2025-04-13 08:41:33 DEBUG _windows.py:192: Thread started
2025-04-13 09:40:36 INFO weather.py:369: Fetched new weather data at 2025-04-13 09:40:36.734969
2025-04-13 09:40:52 INFO controller.py:27: Exiting Application from CLI...
2025-04-13 09:40:52 DEBUG _windows.py:218: Stopping worker thread...
2025-04-13 09:40:52 DEBUG _windows.py:201: Exiting thread
2025-04-13 09:40:52 DEBUG _windows.py:75: Closing
2025-04-13 09:40:53 INFO log.py:21: Yasb v1.6.9
2025-04-13 09:40:54 DEBUG win32.py:55: Looking up time zone info from registry
2025-04-13 09:40:54 DEBUG __init__.py:149: CoInitializeEx(None, 2)
2025-04-13 09:40:54 INFO weather.py:369: Fetched new weather data at 2025-04-13 09:40:54.487697
2025-04-13 09:40:54 ERROR weather.py:473: Error fetching weather data: HTTP Error 403: Forbidden
2025-04-13 09:40:55 ERROR github.py:410: HTTP Error occurred: 401 - {"message":"Bad credentials","documentation_url":"https://docs.github.com/rest","status":"401"}
2025-04-13 09:40:55 INFO watcher.py:39: Created file watcher for path C:\Users\dagur\.config\yasb
2025-04-13 09:40:55 INFO event_listener.py:53: Created named pipe yasb-120f7e43-1886-11f0-9bc4-985f41fad8f8
2025-04-13 09:40:55 DEBUG _windows.py:213: Starting (proactor: <_IocpProactor overlapped#=0 result#=0>)...
2025-04-13 09:40:55 DEBUG _windows.py:192: Thread started
2025-04-13 09:42:21 INFO controller.py:12: Reloading Application from tray...
2025-04-13 09:42:21 DEBUG _windows.py:218: Stopping worker thread...
2025-04-13 09:42:21 DEBUG _windows.py:201: Exiting thread
2025-04-13 09:42:21 DEBUG _windows.py:75: Closing
2025-04-13 09:42:21 ERROR event_service.py:30: Failed to emit signal <bound PYQT_SIGNAL window_name_change of ActiveWindowWidget object at 0x0000015BD00EAA30>. Removing link to WinEvent.EventObjectNameChange.
2025-04-13 09:42:21 INFO log.py:21: Yasb v1.6.9
2025-04-13 09:42:21 DEBUG win32.py:55: Looking up time zone info from registry
2025-04-13 09:42:22 DEBUG __init__.py:149: CoInitializeEx(None, 2)
2025-04-13 09:42:22 INFO weather.py:369: Fetched new weather data at 2025-04-13 09:42:22.199888
2025-04-13 09:42:22 ERROR weather.py:473: Error fetching weather data: HTTP Error 403: Forbidden
2025-04-13 09:42:22 ERROR github.py:410: HTTP Error occurred: 401 - {"message":"Bad credentials","documentation_url":"https://docs.github.com/rest","status":"401"}
2025-04-13 09:42:23 INFO watcher.py:39: Created file watcher for path C:\Users\dagur\.config\yasb
2025-04-13 09:42:23 INFO event_listener.py:53: Created named pipe yasb-4655c2ab-1886-11f0-ab9b-985f41fad8f8
2025-04-13 09:42:23 DEBUG _windows.py:213: Starting (proactor: <_IocpProactor overlapped#=0 result#=0>)...
2025-04-13 09:42:23 DEBUG _windows.py:192: Thread started
2025-04-13 09:45:00 INFO controller.py:27: Exiting Application from tray...
2025-04-13 09:45:00 DEBUG _windows.py:218: Stopping worker thread...
2025-04-13 09:45:00 DEBUG _windows.py:201: Exiting thread
2025-04-13 09:45:00 DEBUG _windows.py:75: Closing
2025-04-13 09:45:02 INFO log.py:21: Yasb v1.6.9
2025-04-13 09:45:02 DEBUG win32.py:55: Looking up time zone info from registry
2025-04-13 09:45:03 DEBUG __init__.py:149: CoInitializeEx(None, 2)
2025-04-13 09:45:03 INFO weather.py:369: Fetched new weather data at 2025-04-13 09:45:03.056242
2025-04-13 09:45:03 ERROR weather.py:473: Error fetching weather data: HTTP Error 403: Forbidden
2025-04-13 09:45:03 ERROR github.py:410: HTTP Error occurred: 401 - {"message":"Bad credentials","documentation_url":"https://docs.github.com/rest","status":"401"}
2025-04-13 09:45:03 INFO watcher.py:39: Created file watcher for path C:\Users\dagur\.config\yasb
2025-04-13 09:45:03 INFO event_listener.py:53: Created named pipe yasb-a5ed3427-1886-11f0-9007-985f41fad8f8
2025-04-13 09:45:03 DEBUG _windows.py:213: Starting (proactor: <_IocpProactor overlapped#=0 result#=0>)...
2025-04-13 09:45:03 DEBUG _windows.py:192: Thread started
2025-04-13 09:47:34 DEBUG _windows.py:218: Stopping worker thread...
2025-04-13 09:47:34 DEBUG _windows.py:201: Exiting thread
2025-04-13 09:47:34 DEBUG _windows.py:75: Closing
2025-04-13 09:47:34 ERROR event_service.py:30: Failed to emit signal <bound PYQT_SIGNAL window_name_change of ActiveWindowWidget object at 0x000001E29ABFAA30>. Removing link to WinEvent.EventObjectStateChange.
2025-04-13 09:48:19 INFO log.py:21: Yasb v1.6.9
2025-04-13 09:48:19 DEBUG win32.py:55: Looking up time zone info from registry
2025-04-13 09:48:19 DEBUG __init__.py:149: CoInitializeEx(None, 2)
2025-04-13 09:48:19 INFO weather.py:369: Fetched new weather data at 2025-04-13 09:48:19.468796
2025-04-13 09:48:19 ERROR weather.py:473: Error fetching weather data: HTTP Error 403: Forbidden
2025-04-13 09:48:20 ERROR github.py:410: HTTP Error occurred: 401 - {"message":"Bad credentials","documentation_url":"https://docs.github.com/rest","status":"401"}
2025-04-13 09:48:20 INFO watcher.py:39: Created file watcher for path C:\Users\dagur\.config\yasb
2025-04-13 09:48:20 INFO event_listener.py:53: Created named pipe yasb-1b30ed4f-1887-11f0-b39c-985f41fad8f8
2025-04-13 09:48:20 DEBUG _windows.py:213: Starting (proactor: <_IocpProactor overlapped#=0 result#=0>)...
2025-04-13 09:48:20 DEBUG _windows.py:192: Thread started
2025-04-13 09:48:23 INFO tray.py:180: Created shortcut at C:\Users\dagur\AppData\Roaming\Microsoft\Windows\Start Menu\Programs\Startup\yasb.lnk
2025-04-13 09:50:49 INFO controller.py:27: Exiting Application from CLI...
2025-04-13 09:50:49 DEBUG _windows.py:218: Stopping worker thread...
2025-04-13 09:50:49 DEBUG _windows.py:201: Exiting thread
2025-04-13 09:50:49 DEBUG _windows.py:75: Closing
2025-04-13 09:50:50 INFO log.py:21: Yasb v1.6.9
2025-04-13 09:50:50 DEBUG win32.py:55: Looking up time zone info from registry
2025-04-13 09:50:50 DEBUG __init__.py:149: CoInitializeEx(None, 2)
2025-04-13 09:50:51 INFO watcher.py:39: Created file watcher for path C:\Users\dagur\.config\yasb
2025-04-13 09:50:51 DEBUG _windows.py:213: Starting (proactor: <_IocpProactor overlapped#=0 result#=0>)...
2025-04-13 09:50:51 DEBUG _windows.py:192: Thread started
2025-04-13 09:51:24 INFO log.py:21: Yasb v1.6.9
2025-04-13 09:51:25 DEBUG win32.py:55: Looking up time zone info from registry
2025-04-13 09:51:25 ERROR weather.py:45: API key or location is missing. Please provide a valid API key and location.
2025-04-13 09:51:25 DEBUG __init__.py:149: CoInitializeEx(None, 2)
2025-04-13 09:51:25 INFO watcher.py:39: Created file watcher for path C:\Users\dagur\.config\yasb
2025-04-13 09:51:25 INFO event_listener.py:53: Created named pipe yasb-89b44a3c-1887-11f0-9420-985f41fad8f8
2025-04-13 09:51:25 DEBUG _windows.py:213: Starting (proactor: <_IocpProactor overlapped#=0 result#=0>)...
2025-04-13 09:51:25 DEBUG _windows.py:192: Thread started
2025-04-13 09:52:54 INFO controller.py:27: Exiting Application from CLI...
2025-04-13 09:52:54 DEBUG _windows.py:218: Stopping worker thread...
2025-04-13 09:52:54 DEBUG _windows.py:201: Exiting thread
2025-04-13 09:52:54 DEBUG _windows.py:75: Closing
2025-04-13 09:52:55 INFO log.py:21: Yasb v1.6.9
2025-04-13 09:52:55 DEBUG win32.py:55: Looking up time zone info from registry
2025-04-13 09:52:55 INFO weather.py:369: Fetched new weather data at 2025-04-13 09:52:55.961876
2025-04-13 09:52:55 DEBUG __init__.py:149: CoInitializeEx(None, 2)
2025-04-13 09:52:56 INFO watcher.py:39: Created file watcher for path C:\Users\dagur\.config\yasb
2025-04-13 09:52:56 INFO event_listener.py:53: Created named pipe yasb-bfc48ee8-1887-11f0-ba79-985f41fad8f8
2025-04-13 09:52:56 DEBUG _windows.py:213: Starting (proactor: <_IocpProactor overlapped#=0 result#=0>)...
2025-04-13 09:52:56 DEBUG _windows.py:192: Thread started
2025-04-13 09:54:24 INFO controller.py:27: Exiting Application from CLI...
2025-04-13 09:54:24 DEBUG _windows.py:218: Stopping worker thread...
2025-04-13 09:54:24 DEBUG _windows.py:201: Exiting thread
2025-04-13 09:54:24 DEBUG _windows.py:75: Closing
2025-04-13 09:54:25 INFO log.py:21: Yasb v1.6.9
2025-04-13 09:54:25 DEBUG win32.py:55: Looking up time zone info from registry
2025-04-13 09:54:26 INFO weather.py:369: Fetched new weather data at 2025-04-13 09:54:26.466518
2025-04-13 09:54:26 DEBUG __init__.py:149: CoInitializeEx(None, 2)
2025-04-13 09:54:26 ERROR github.py:410: HTTP Error occurred: 401 - {"message":"Bad credentials","documentation_url":"https://docs.github.com/rest","status":"401"}
2025-04-13 09:54:27 INFO watcher.py:39: Created file watcher for path C:\Users\dagur\.config\yasb
2025-04-13 09:54:27 INFO event_listener.py:53: Created named pipe yasb-f5bfbea1-1887-11f0-88e3-985f41fad8f8
2025-04-13 09:54:27 DEBUG _windows.py:213: Starting (proactor: <_IocpProactor overlapped#=0 result#=0>)...
2025-04-13 09:54:27 DEBUG _windows.py:192: Thread started
2025-04-13 09:55:26 ERROR github.py:410: HTTP Error occurred: 401 - {"message":"Bad credentials","documentation_url":"https://docs.github.com/rest","status":"401"}
2025-04-13 09:56:17 INFO controller.py:27: Exiting Application from CLI...
2025-04-13 09:56:17 DEBUG _windows.py:218: Stopping worker thread...
2025-04-13 09:56:17 DEBUG _windows.py:201: Exiting thread
2025-04-13 09:56:17 DEBUG _windows.py:75: Closing
2025-04-13 09:56:18 INFO log.py:21: Yasb v1.6.9
2025-04-13 09:56:18 DEBUG win32.py:55: Looking up time zone info from registry
2025-04-13 09:56:18 INFO weather.py:369: Fetched new weather data at 2025-04-13 09:56:18.605176
2025-04-13 09:56:18 DEBUG __init__.py:149: CoInitializeEx(None, 2)
2025-04-13 09:56:19 INFO watcher.py:39: Created file watcher for path C:\Users\dagur\.config\yasb
2025-04-13 09:56:19 INFO event_listener.py:53: Created named pipe yasb-38cb1f14-1888-11f0-8518-985f41fad8f8
2025-04-13 09:56:19 DEBUG _windows.py:213: Starting (proactor: <_IocpProactor overlapped#=0 result#=0>)...
2025-04-13 09:56:19 DEBUG _windows.py:192: Thread started
2025-04-13 09:56:59 INFO controller.py:27: Exiting Application from CLI...
2025-04-13 09:56:59 DEBUG _windows.py:218: Stopping worker thread...
2025-04-13 09:56:59 DEBUG _windows.py:201: Exiting thread
2025-04-13 09:56:59 DEBUG _windows.py:75: Closing
2025-04-13 09:57:00 INFO log.py:21: Yasb v1.6.9
2025-04-13 09:57:01 DEBUG win32.py:55: Looking up time zone info from registry
2025-04-13 09:57:01 INFO weather.py:369: Fetched new weather data at 2025-04-13 09:57:01.382816
2025-04-13 09:57:01 DEBUG __init__.py:149: CoInitializeEx(None, 2)
2025-04-13 09:57:02 INFO watcher.py:39: Created file watcher for path C:\Users\dagur\.config\yasb
2025-04-13 09:57:02 INFO event_listener.py:53: Created named pipe yasb-524570b9-1888-11f0-bccf-985f41fad8f8
2025-04-13 09:57:02 DEBUG _windows.py:213: Starting (proactor: <_IocpProactor overlapped#=0 result#=0>)...
2025-04-13 09:57:02 DEBUG _windows.py:192: Thread started
2025-04-13 09:57:11 INFO controller.py:27: Exiting Application from CLI...
2025-04-13 09:57:11 DEBUG _windows.py:218: Stopping worker thread...
2025-04-13 09:57:12 DEBUG _windows.py:201: Exiting thread
2025-04-13 09:57:12 DEBUG _windows.py:75: Closing
2025-04-13 09:57:13 INFO log.py:21: Yasb v1.6.9
2025-04-13 09:57:13 INFO weather.py:369: Fetched new weather data at 2025-04-13 09:57:13.813507
2025-04-13 09:57:13 DEBUG __init__.py:149: CoInitializeEx(None, 2)
2025-04-13 09:57:13 DEBUG win32.py:55: Looking up time zone info from registry
2025-04-13 09:57:14 INFO watcher.py:39: Created file watcher for path C:\Users\dagur\.config\yasb
2025-04-13 09:57:14 DEBUG _windows.py:213: Starting (proactor: <_IocpProactor overlapped#=0 result#=0>)...
2025-04-13 09:57:14 DEBUG _windows.py:192: Thread started
2025-04-13 10:07:13 INFO weather.py:369: Fetched new weather data at 2025-04-13 10:07:13.806044
2025-04-13 10:11:41 INFO controller.py:27: Exiting Application from CLI...
2025-04-13 10:11:41 DEBUG _windows.py:218: Stopping worker thread...
2025-04-13 10:11:41 DEBUG _windows.py:201: Exiting thread
2025-04-13 10:11:41 DEBUG _windows.py:75: Closing
2025-04-13 10:11:42 INFO log.py:21: Yasb v1.6.9
2025-04-13 10:11:42 DEBUG win32.py:55: Looking up time zone info from registry
2025-04-13 10:11:43 INFO weather.py:369: Fetched new weather data at 2025-04-13 10:11:43.293453
2025-04-13 10:11:43 DEBUG __init__.py:149: CoInitializeEx(None, 2)
2025-04-13 10:11:44 INFO watcher.py:39: Created file watcher for path C:\Users\dagur\.config\yasb
2025-04-13 10:11:44 INFO event_listener.py:53: Created named pipe yasb-60103a6e-188a-11f0-ae8c-985f41fad8f8
2025-04-13 10:11:44 DEBUG _windows.py:213: Starting (proactor: <_IocpProactor overlapped#=0 result#=0>)...
2025-04-13 10:11:44 DEBUG _windows.py:192: Thread started
2025-04-13 10:12:46 INFO controller.py:27: Exiting Application from CLI...
2025-04-13 10:12:46 DEBUG _windows.py:218: Stopping worker thread...
2025-04-13 10:12:46 DEBUG _windows.py:201: Exiting thread
2025-04-13 10:12:46 DEBUG _windows.py:75: Closing
2025-04-13 10:12:47 INFO log.py:21: Yasb v1.6.9
2025-04-13 10:12:47 INFO weather.py:369: Fetched new weather data at 2025-04-13 10:12:47.957134
2025-04-13 10:12:47 DEBUG __init__.py:149: CoInitializeEx(None, 2)
2025-04-13 10:12:48 DEBUG win32.py:55: Looking up time zone info from registry
2025-04-13 10:12:48 INFO watcher.py:39: Created file watcher for path C:\Users\dagur\.config\yasb
2025-04-13 10:12:49 DEBUG _windows.py:213: Starting (proactor: <_IocpProactor overlapped#=0 result#=0>)...
2025-04-13 10:12:49 DEBUG _windows.py:192: Thread started
2025-04-13 10:13:00 INFO controller.py:27: Exiting Application from CLI...
2025-04-13 10:13:00 DEBUG _windows.py:218: Stopping worker thread...
2025-04-13 10:13:00 DEBUG _windows.py:201: Exiting thread
2025-04-13 10:13:00 DEBUG _windows.py:75: Closing
2025-04-13 10:13:01 INFO log.py:21: Yasb v1.6.9
2025-04-13 10:13:01 DEBUG win32.py:55: Looking up time zone info from registry
2025-04-13 10:13:01 INFO weather.py:369: Fetched new weather data at 2025-04-13 10:13:01.776828
2025-04-13 10:13:01 DEBUG __init__.py:149: CoInitializeEx(None, 2)
2025-04-13 10:13:02 INFO watcher.py:39: Created file watcher for path C:\Users\dagur\.config\yasb
2025-04-13 10:13:02 INFO event_listener.py:53: Created named pipe yasb-8e9990c6-188a-11f0-a49c-985f41fad8f8
2025-04-13 10:13:02 DEBUG _windows.py:213: Starting (proactor: <_IocpProactor overlapped#=0 result#=0>)...
2025-04-13 10:13:02 DEBUG _windows.py:192: Thread started
2025-04-13 10:23:01 INFO weather.py:369: Fetched new weather data at 2025-04-13 10:23:01.781977
2025-04-13 10:33:01 INFO weather.py:369: Fetched new weather data at 2025-04-13 10:33:01.790984
2025-04-13 10:43:01 INFO weather.py:369: Fetched new weather data at 2025-04-13 10:43:01.793102
2025-04-13 10:50:58 INFO controller.py:27: Exiting Application from CLI...
2025-04-13 10:50:58 DEBUG _windows.py:218: Stopping worker thread...
2025-04-13 10:50:58 DEBUG _windows.py:201: Exiting thread
2025-04-13 10:50:58 DEBUG _windows.py:75: Closing
2025-04-13 10:50:59 INFO log.py:21: Yasb v1.6.9
2025-04-13 10:50:59 DEBUG win32.py:55: Looking up time zone info from registry
2025-04-13 10:50:59 DEBUG __init__.py:149: CoInitializeEx(None, 2)
2025-04-13 10:51:00 INFO watcher.py:39: Created file watcher for path C:\Users\dagur\.config\yasb
2025-04-13 10:51:00 INFO event_listener.py:53: Created named pipe yasb-dc5f4ad5-188f-11f0-a94b-985f41fad8f8
2025-04-13 10:51:00 DEBUG _windows.py:213: Starting (proactor: <_IocpProactor overlapped#=0 result#=0>)...
2025-04-13 10:51:00 DEBUG _windows.py:192: Thread started
2025-04-13 10:51:21 INFO controller.py:27: Exiting Application from CLI...
2025-04-13 10:51:21 DEBUG _windows.py:218: Stopping worker thread...
2025-04-13 10:51:21 DEBUG _windows.py:201: Exiting thread
2025-04-13 10:51:21 DEBUG _windows.py:75: Closing
2025-04-13 10:51:22 INFO log.py:21: Yasb v1.6.9
2025-04-13 10:51:22 DEBUG win32.py:55: Looking up time zone info from registry
2025-04-13 10:51:22 INFO weather.py:369: Fetched new weather data at 2025-04-13 10:51:22.958928
2025-04-13 10:51:22 DEBUG __init__.py:149: CoInitializeEx(None, 2)
2025-04-13 10:51:23 INFO watcher.py:39: Created file watcher for path C:\Users\dagur\.config\yasb
2025-04-13 10:51:23 INFO event_listener.py:53: Created named pipe yasb-ea56c071-188f-11f0-8393-985f41fad8f8
2025-04-13 10:51:23 DEBUG _windows.py:213: Starting (proactor: <_IocpProactor overlapped#=0 result#=0>)...
2025-04-13 10:51:23 DEBUG _windows.py:192: Thread started
2025-04-13 11:06:11 INFO controller.py:27: Exiting Application from CLI...
2025-04-13 11:06:11 DEBUG _windows.py:218: Stopping worker thread...
2025-04-13 11:06:11 DEBUG _windows.py:201: Exiting thread
2025-04-13 11:06:11 DEBUG _windows.py:75: Closing
2025-04-13 11:06:13 INFO log.py:21: Yasb v1.6.9
2025-04-13 11:06:13 INFO weather.py:369: Fetched new weather data at 2025-04-13 11:06:13.349262
2025-04-13 11:06:13 DEBUG __init__.py:149: CoInitializeEx(None, 2)
2025-04-13 11:06:13 DEBUG win32.py:55: Looking up time zone info from registry
2025-04-13 11:06:14 INFO watcher.py:39: Created file watcher for path C:\Users\dagur\.config\yasb
2025-04-13 11:06:14 DEBUG _windows.py:213: Starting (proactor: <_IocpProactor overlapped#=0 result#=0>)...
2025-04-13 11:06:14 DEBUG _windows.py:192: Thread started
2025-04-13 11:06:45 INFO controller.py:27: Exiting Application from CLI...
2025-04-13 11:06:45 DEBUG _windows.py:218: Stopping worker thread...
2025-04-13 11:06:45 DEBUG _windows.py:201: Exiting thread
2025-04-13 11:06:45 DEBUG _windows.py:75: Closing
2025-04-13 11:06:46 INFO log.py:21: Yasb v1.6.9
2025-04-13 11:06:47 DEBUG win32.py:55: Looking up time zone info from registry
2025-04-13 11:06:47 INFO weather.py:369: Fetched new weather data at 2025-04-13 11:06:47.387334
2025-04-13 11:06:47 DEBUG __init__.py:149: CoInitializeEx(None, 2)
2025-04-13 11:06:47 ERROR weather.py:473: Error fetching weather data: HTTP Error 403: Forbidden
2025-04-13 11:06:47 INFO watcher.py:39: Created file watcher for path C:\Users\dagur\.config\yasb
2025-04-13 11:06:47 INFO event_listener.py:53: Created named pipe yasb-10f37fd3-1892-11f0-af6f-985f41fad8f8
2025-04-13 11:06:47 DEBUG _windows.py:213: Starting (proactor: <_IocpProactor overlapped#=0 result#=0>)...
2025-04-13 11:06:47 DEBUG _windows.py:192: Thread started
2025-04-13 11:08:40 INFO controller.py:27: Exiting Application from CLI...
2025-04-13 11:08:40 DEBUG _windows.py:218: Stopping worker thread...
2025-04-13 11:08:40 DEBUG _windows.py:201: Exiting thread
2025-04-13 11:08:40 DEBUG _windows.py:75: Closing
2025-04-13 11:08:40 ERROR event_service.py:30: Failed to emit signal <bound PYQT_SIGNAL update_event of TaskbarWidget object at 0x000001D9DCE320D0>. Removing link to WinEvent.EventObjectDestroy.
2025-04-13 11:08:42 INFO log.py:21: Yasb v1.6.9
2025-04-13 11:08:42 DEBUG win32.py:55: Looking up time zone info from registry
2025-04-13 11:08:42 INFO weather.py:369: Fetched new weather data at 2025-04-13 11:08:42.839866
2025-04-13 11:08:42 DEBUG __init__.py:149: CoInitializeEx(None, 2)
2025-04-13 11:08:43 INFO watcher.py:39: Created file watcher for path C:\Users\dagur\.config\yasb
2025-04-13 11:08:43 INFO event_listener.py:53: Created named pipe yasb-562c462a-1892-11f0-a3fc-985f41fad8f8
2025-04-13 11:08:43 DEBUG _windows.py:213: Starting (proactor: <_IocpProactor overlapped#=0 result#=0>)...
2025-04-13 11:08:43 DEBUG _windows.py:192: Thread started
2025-04-13 11:09:27 INFO controller.py:27: Exiting Application from CLI...
2025-04-13 11:09:27 DEBUG _windows.py:218: Stopping worker thread...
2025-04-13 11:09:27 DEBUG _windows.py:201: Exiting thread
2025-04-13 11:09:27 DEBUG _windows.py:75: Closing
2025-04-13 11:09:28 INFO log.py:21: Yasb v1.6.9
2025-04-13 11:09:28 INFO weather.py:369: Fetched new weather data at 2025-04-13 11:09:28.536957
2025-04-13 11:09:28 DEBUG __init__.py:149: CoInitializeEx(None, 2)
2025-04-13 11:09:28 DEBUG win32.py:55: Looking up time zone info from registry
2025-04-13 11:09:29 INFO watcher.py:39: Created file watcher for path C:\Users\dagur\.config\yasb
2025-04-13 11:09:29 INFO event_listener.py:53: Created named pipe yasb-7139867c-1892-11f0-812b-985f41fad8f8
2025-04-13 11:09:29 DEBUG _windows.py:213: Starting (proactor: <_IocpProactor overlapped#=0 result#=0>)...
2025-04-13 11:09:29 DEBUG _windows.py:192: Thread started
2025-04-13 11:11:07 INFO controller.py:27: Exiting Application from CLI...
2025-04-13 11:11:07 DEBUG _windows.py:218: Stopping worker thread...
2025-04-13 11:11:07 DEBUG _windows.py:201: Exiting thread
2025-04-13 11:11:07 DEBUG _windows.py:75: Closing
2025-04-13 11:11:08 INFO log.py:21: Yasb v1.6.9
2025-04-13 11:11:08 DEBUG win32.py:55: Looking up time zone info from registry
2025-04-13 11:11:08 INFO weather.py:369: Fetched new weather data at 2025-04-13 11:11:08.842713
2025-04-13 11:11:08 DEBUG __init__.py:149: CoInitializeEx(None, 2)
2025-04-13 11:11:09 INFO watcher.py:39: Created file watcher for path C:\Users\dagur\.config\yasb
2025-04-13 11:11:09 INFO event_listener.py:53: Created named pipe yasb-ad199b0f-1892-11f0-afe8-985f41fad8f8
2025-04-13 11:11:09 DEBUG _windows.py:213: Starting (proactor: <_IocpProactor overlapped#=0 result#=0>)...
2025-04-13 11:11:09 DEBUG _windows.py:192: Thread started
2025-04-13 11:21:08 INFO weather.py:369: Fetched new weather data at 2025-04-13 11:21:08.849468
2025-04-13 11:58:49 INFO weather.py:369: Fetched new weather data at 2025-04-13 11:58:49.695792
2025-04-13 11:59:43 INFO controller.py:27: Exiting Application from CLI...
2025-04-13 11:59:43 DEBUG _windows.py:218: Stopping worker thread...
2025-04-13 11:59:43 DEBUG _windows.py:201: Exiting thread
2025-04-13 11:59:43 DEBUG _windows.py:75: Closing
2025-04-13 11:59:45 INFO log.py:21: Yasb v1.6.9
2025-04-13 11:59:45 DEBUG win32.py:55: Looking up time zone info from registry
2025-04-13 11:59:45 INFO weather.py:369: Fetched new weather data at 2025-04-13 11:59:45.449963
2025-04-13 11:59:45 DEBUG __init__.py:149: CoInitializeEx(None, 2)
2025-04-13 11:59:46 INFO watcher.py:39: Created file watcher for path C:\Users\dagur\.config\yasb
2025-04-13 11:59:46 INFO event_listener.py:53: Created named pipe yasb-77b549f5-1899-11f0-a87f-985f41fad8f8
2025-04-13 11:59:46 DEBUG _windows.py:213: Starting (proactor: <_IocpProactor overlapped#=0 result#=0>)...
2025-04-13 11:59:46 DEBUG _windows.py:192: Thread started
2025-04-13 11:59:57 INFO controller.py:27: Exiting Application from CLI...
2025-04-13 11:59:57 DEBUG _windows.py:218: Stopping worker thread...
2025-04-13 11:59:57 DEBUG _windows.py:201: Exiting thread
2025-04-13 11:59:57 DEBUG _windows.py:75: Closing
2025-04-13 11:59:59 INFO log.py:21: Yasb v1.6.9
2025-04-13 11:59:59 INFO weather.py:369: Fetched new weather data at 2025-04-13 11:59:59.595908
2025-04-13 11:59:59 DEBUG __init__.py:149: CoInitializeEx(None, 2)
2025-04-13 11:59:59 DEBUG win32.py:55: Looking up time zone info from registry
2025-04-13 12:00:00 INFO watcher.py:39: Created file watcher for path C:\Users\dagur\.config\yasb
2025-04-13 12:00:00 INFO event_listener.py:53: Created named pipe yasb-80101329-1899-11f0-85d4-985f41fad8f8
2025-04-13 12:00:00 DEBUG _windows.py:213: Starting (proactor: <_IocpProactor overlapped#=0 result#=0>)...
2025-04-13 12:00:00 DEBUG _windows.py:192: Thread started
2025-04-13 12:00:12 INFO controller.py:27: Exiting Application from CLI...
2025-04-13 12:00:12 DEBUG _windows.py:218: Stopping worker thread...
2025-04-13 12:00:12 DEBUG _windows.py:201: Exiting thread
2025-04-13 12:00:12 DEBUG _windows.py:75: Closing
2025-04-13 12:00:13 INFO log.py:21: Yasb v1.6.9
2025-04-13 12:00:14 INFO weather.py:369: Fetched new weather data at 2025-04-13 12:00:14.209847
2025-04-13 12:00:14 DEBUG __init__.py:149: CoInitializeEx(None, 2)
2025-04-13 12:00:14 DEBUG win32.py:55: Looking up time zone info from registry
2025-04-13 12:00:15 INFO watcher.py:39: Created file watcher for path C:\Users\dagur\.config\yasb
2025-04-13 12:00:15 DEBUG _windows.py:213: Starting (proactor: <_IocpProactor overlapped#=0 result#=0>)...
2025-04-13 12:00:15 DEBUG _windows.py:192: Thread started
2025-04-13 12:00:32 INFO controller.py:27: Exiting Application from CLI...
2025-04-13 12:00:32 DEBUG _windows.py:218: Stopping worker thread...
2025-04-13 12:00:32 DEBUG _windows.py:201: Exiting thread
2025-04-13 12:00:32 DEBUG _windows.py:75: Closing
2025-04-13 12:00:33 INFO log.py:21: Yasb v1.6.9
2025-04-13 12:00:33 DEBUG win32.py:55: Looking up time zone info from registry
2025-04-13 12:00:34 INFO weather.py:369: Fetched new weather data at 2025-04-13 12:00:34.075647
2025-04-13 12:00:34 DEBUG __init__.py:149: CoInitializeEx(None, 2)
2025-04-13 12:00:34 INFO watcher.py:39: Created file watcher for path C:\Users\dagur\.config\yasb
2025-04-13 12:00:34 INFO event_listener.py:53: Created named pipe yasb-9485a93a-1899-11f0-9fd5-985f41fad8f8
2025-04-13 12:00:35 DEBUG _windows.py:213: Starting (proactor: <_IocpProactor overlapped#=0 result#=0>)...
2025-04-13 12:00:35 DEBUG _windows.py:192: Thread started
2025-04-13 12:00:43 INFO controller.py:27: Exiting Application from CLI...
2025-04-13 12:00:43 DEBUG _windows.py:218: Stopping worker thread...
2025-04-13 12:00:43 DEBUG _windows.py:201: Exiting thread
2025-04-13 12:00:43 DEBUG _windows.py:75: Closing
2025-04-13 12:00:45 INFO log.py:21: Yasb v1.6.9
2025-04-13 12:00:45 DEBUG win32.py:55: Looking up time zone info from registry
2025-04-13 12:00:45 INFO weather.py:369: Fetched new weather data at 2025-04-13 12:00:45.485076
2025-04-13 12:00:45 DEBUG __init__.py:149: CoInitializeEx(None, 2)
2025-04-13 12:00:46 INFO watcher.py:39: Created file watcher for path C:\Users\dagur\.config\yasb
2025-04-13 12:00:46 INFO event_listener.py:53: Created named pipe yasb-9b69b1a2-1899-11f0-acea-985f41fad8f8
2025-04-13 12:00:46 DEBUG _windows.py:213: Starting (proactor: <_IocpProactor overlapped#=0 result#=0>)...
2025-04-13 12:00:46 DEBUG _windows.py:192: Thread started
2025-04-13 12:00:52 INFO controller.py:27: Exiting Application from CLI...
2025-04-13 12:00:52 DEBUG _windows.py:218: Stopping worker thread...
2025-04-13 12:00:52 DEBUG _windows.py:201: Exiting thread
2025-04-13 12:00:52 DEBUG _windows.py:75: Closing
2025-04-13 12:00:53 INFO log.py:21: Yasb v1.6.9
2025-04-13 12:00:54 DEBUG win32.py:55: Looking up time zone info from registry
2025-04-13 12:00:54 INFO weather.py:369: Fetched new weather data at 2025-04-13 12:00:54.291596
2025-04-13 12:00:54 DEBUG __init__.py:149: CoInitializeEx(None, 2)
2025-04-13 12:00:55 INFO watcher.py:39: Created file watcher for path C:\Users\dagur\.config\yasb
2025-04-13 12:00:55 INFO event_listener.py:53: Created named pipe yasb-a08f1f17-1899-11f0-850e-985f41fad8f8
2025-04-13 12:00:55 DEBUG _windows.py:213: Starting (proactor: <_IocpProactor overlapped#=0 result#=0>)...
2025-04-13 12:00:55 DEBUG _windows.py:192: Thread started
2025-04-13 12:50:22 INFO weather.py:369: Fetched new weather data at 2025-04-13 12:50:22.935170
2025-04-13 13:00:22 INFO weather.py:369: Fetched new weather data at 2025-04-13 13:00:22.941351
2025-04-13 13:10:22 INFO weather.py:369: Fetched new weather data at 2025-04-13 13:10:22.947288
2025-04-13 13:20:22 INFO weather.py:369: Fetched new weather data at 2025-04-13 13:20:22.946338
2025-04-13 13:30:22 INFO weather.py:369: Fetched new weather data at 2025-04-13 13:30:22.950401
2025-04-13 13:40:22 INFO weather.py:369: Fetched new weather data at 2025-04-13 13:40:22.957052
2025-04-13 14:12:27 INFO weather.py:369: Fetched new weather data at 2025-04-13 14:12:27.606947
2025-04-13 14:22:27 INFO weather.py:369: Fetched new weather data at 2025-04-13 14:22:27.607845
2025-04-13 14:32:27 INFO weather.py:369: Fetched new weather data at 2025-04-13 14:32:27.610382
2025-04-13 14:42:27 INFO weather.py:369: Fetched new weather data at 2025-04-13 14:42:27.613363
2025-04-13 14:52:27 INFO weather.py:369: Fetched new weather data at 2025-04-13 14:52:27.615949
2025-04-13 15:02:27 INFO weather.py:369: Fetched new weather data at 2025-04-13 15:02:27.616006
2025-04-13 15:12:27 INFO weather.py:369: Fetched new weather data at 2025-04-13 15:12:27.610618
2025-04-13 15:22:27 INFO weather.py:369: Fetched new weather data at 2025-04-13 15:22:27.616070
2025-04-13 15:32:27 INFO weather.py:369: Fetched new weather data at 2025-04-13 15:32:27.615802
2025-04-13 15:42:27 INFO weather.py:369: Fetched new weather data at 2025-04-13 15:42:27.611528
2025-04-13 15:52:27 INFO weather.py:369: Fetched new weather data at 2025-04-13 15:52:27.610709
2025-04-13 16:02:27 INFO weather.py:369: Fetched new weather data at 2025-04-13 16:02:27.611551
2025-04-13 16:12:27 INFO weather.py:369: Fetched new weather data at 2025-04-13 16:12:27.623542
2025-04-13 16:22:27 INFO weather.py:369: Fetched new weather data at 2025-04-13 16:22:27.645044
2025-04-13 16:35:05 INFO weather.py:369: Fetched new weather data at 2025-04-13 16:35:05.854809
2025-04-13 16:48:51 INFO weather.py:369: Fetched new weather data at 2025-04-13 16:48:51.279893
2025-04-13 17:01:20 INFO weather.py:369: Fetched new weather data at 2025-04-13 17:01:20.051699
2025-04-13 17:11:20 INFO weather.py:369: Fetched new weather data at 2025-04-13 17:11:20.055298
2025-04-13 17:25:18 INFO weather.py:369: Fetched new weather data at 2025-04-13 17:25:18.217178
2025-04-13 17:35:18 INFO weather.py:369: Fetched new weather data at 2025-04-13 17:35:18.203414
2025-04-13 17:45:18 INFO weather.py:369: Fetched new weather data at 2025-04-13 17:45:18.210464
2025-04-13 18:15:30 INFO weather.py:369: Fetched new weather data at 2025-04-13 18:15:30.003605
2025-04-13 19:13:45 INFO weather.py:369: Fetched new weather data at 2025-04-13 19:13:45.409795
2025-04-13 19:23:45 INFO weather.py:369: Fetched new weather data at 2025-04-13 19:23:45.380729
2025-04-13 20:17:52 INFO weather.py:369: Fetched new weather data at 2025-04-13 20:17:52.512680
2025-04-13 20:27:52 INFO weather.py:369: Fetched new weather data at 2025-04-13 20:27:52.505163
2025-04-13 20:53:54 INFO weather.py:369: Fetched new weather data at 2025-04-13 20:53:54.654023
2025-04-13 21:35:01 INFO controller.py:12: Reloading Application because of config update...
2025-04-13 21:35:01 DEBUG _windows.py:218: Stopping worker thread...
2025-04-13 21:35:01 DEBUG _windows.py:201: Exiting thread
2025-04-13 21:35:01 DEBUG _windows.py:75: Closing
2025-04-13 21:35:02 INFO log.py:21: Yasb v1.6.9
2025-04-13 21:35:03 DEBUG win32.py:55: Looking up time zone info from registry
2025-04-13 21:35:08 INFO weather.py:369: Fetched new weather data at 2025-04-13 21:35:08.183183
2025-04-13 21:35:08 DEBUG __init__.py:149: CoInitializeEx(None, 2)
2025-04-13 21:35:09 INFO watcher.py:39: Created file watcher for path C:\Users\dagur\.config\yasb
2025-04-13 21:35:09 INFO event_listener.py:53: Created named pipe yasb-d8da7cec-18e9-11f0-b270-985f41fad8f8
2025-04-13 21:35:09 DEBUG _windows.py:213: Starting (proactor: <_IocpProactor overlapped#=0 result#=0>)...
2025-04-13 21:35:09 DEBUG _windows.py:192: Thread started
2025-04-13 21:53:39 INFO weather.py:369: Fetched new weather data at 2025-04-13 21:53:39.839710
2025-04-14 06:47:44 INFO weather.py:369: Fetched new weather data at 2025-04-14 06:47:44.817163
2025-04-14 06:47:44 ERROR weather.py:473: Error fetching weather data: <urlopen error [Errno 11001] getaddrinfo failed>
2025-04-14 07:55:03 INFO weather.py:369: Fetched new weather data at 2025-04-14 07:55:03.884105
2025-04-14 16:12:22 INFO weather.py:369: Fetched new weather data at 2025-04-14 16:12:22.757571
2025-04-14 16:40:36 DEBUG _windows.py:218: Stopping worker thread...
2025-04-14 16:40:36 DEBUG _windows.py:201: Exiting thread
2025-04-14 16:40:36 DEBUG _windows.py:75: Closing
2025-04-14 16:42:07 INFO log.py:21: Yasb v1.6.9
2025-04-14 16:42:07 DEBUG win32.py:55: Looking up time zone info from registry
2025-04-14 16:42:12 INFO weather.py:369: Fetched new weather data at 2025-04-14 16:42:12.454236
2025-04-14 16:42:12 DEBUG __init__.py:149: CoInitializeEx(None, 2)
2025-04-14 16:42:13 INFO watcher.py:39: Created file watcher for path C:\Users\dagur\.config\yasb
2025-04-14 16:42:13 INFO event_listener.py:53: Created named pipe yasb-1755dfb4-198a-11f0-8e3b-985f41fad8f8
2025-04-14 16:42:13 DEBUG _windows.py:213: Starting (proactor: <_IocpProactor overlapped#=0 result#=0>)...
2025-04-14 16:42:13 DEBUG _windows.py:192: Thread started
2025-04-14 16:57:54 INFO weather.py:369: Fetched new weather data at 2025-04-14 16:57:54.759413
2025-04-14 17:07:54 INFO weather.py:369: Fetched new weather data at 2025-04-14 17:07:54.747162
2025-04-14 17:17:54 INFO weather.py:369: Fetched new weather data at 2025-04-14 17:17:54.765262
2025-04-14 17:27:54 INFO weather.py:369: Fetched new weather data at 2025-04-14 17:27:54.775700
2025-04-14 17:40:31 INFO weather.py:369: Fetched new weather data at 2025-04-14 17:40:31.866692
2025-04-14 18:45:09 INFO weather.py:369: Fetched new weather data at 2025-04-14 18:45:09.829457
2025-04-14 18:55:09 INFO weather.py:369: Fetched new weather data at 2025-04-14 18:55:09.836253
2025-04-14 19:38:30 INFO weather.py:369: Fetched new weather data at 2025-04-14 19:38:30.210187
2025-04-14 19:48:30 INFO weather.py:369: Fetched new weather data at 2025-04-14 19:48:30.226456
2025-04-14 19:58:30 INFO weather.py:369: Fetched new weather data at 2025-04-14 19:58:30.236907
2025-04-14 20:08:30 INFO weather.py:369: Fetched new weather data at 2025-04-14 20:08:30.231364
2025-04-15 08:17:55 INFO log.py:21: Yasb v1.6.9
2025-04-15 08:17:56 DEBUG win32.py:55: Looking up time zone info from registry
2025-04-15 08:18:00 INFO weather.py:369: Fetched new weather data at 2025-04-15 08:18:00.148409
2025-04-15 08:18:00 DEBUG __init__.py:149: CoInitializeEx(None, 2)
2025-04-15 08:18:01 INFO watcher.py:39: Created file watcher for path C:\Users\dagur\.config\yasb
2025-04-15 08:18:01 INFO event_listener.py:53: Created named pipe yasb-d1f80c99-1a0c-11f0-9ee0-985f41fad8f8
2025-04-15 08:18:01 DEBUG _windows.py:213: Starting (proactor: <_IocpProactor overlapped#=0 result#=0>)...
2025-04-15 08:18:01 DEBUG _windows.py:192: Thread started
2025-04-15 16:43:01 INFO weather.py:369: Fetched new weather data at 2025-04-15 16:43:01.982987
2025-04-15 16:53:01 INFO weather.py:369: Fetched new weather data at 2025-04-15 16:53:01.982055
2025-04-15 17:09:45 INFO weather.py:369: Fetched new weather data at 2025-04-15 17:09:45.562264
2025-04-15 17:47:16 INFO weather.py:369: Fetched new weather data at 2025-04-15 17:47:16.184665
2025-04-15 17:57:16 INFO weather.py:369: Fetched new weather data at 2025-04-15 17:57:16.178820
2025-04-15 18:07:16 INFO weather.py:369: Fetched new weather data at 2025-04-15 18:07:16.174006
2025-04-15 19:09:16 INFO weather.py:369: Fetched new weather data at 2025-04-15 19:09:16.797765
2025-04-15 19:43:34 INFO weather.py:369: Fetched new weather data at 2025-04-15 19:43:34.284235
2025-04-15 21:40:38 INFO weather.py:369: Fetched new weather data at 2025-04-15 21:40:38.426561
2025-04-15 21:50:38 INFO weather.py:369: Fetched new weather data at 2025-04-15 21:50:38.422928
2025-04-15 22:00:38 INFO weather.py:369: Fetched new weather data at 2025-04-15 22:00:38.440749
2025-04-15 22:18:52 INFO weather.py:369: Fetched new weather data at 2025-04-15 22:18:52.529899
2025-04-15 22:18:52 ERROR weather.py:473: Error fetching weather data: <urlopen error [Errno 11001] getaddrinfo failed>
2025-04-16 13:28:23 INFO weather.py:369: Fetched new weather data at 2025-04-16 13:28:23.808605
2025-04-16 13:28:23 ERROR weather.py:473: Error fetching weather data: <urlopen error [Errno 11001] getaddrinfo failed>
2025-04-16 13:58:14 INFO weather.py:369: Fetched new weather data at 2025-04-16 13:58:14.262055
2025-04-16 14:08:14 INFO weather.py:369: Fetched new weather data at 2025-04-16 14:08:14.252661
2025-04-16 14:18:14 INFO weather.py:369: Fetched new weather data at 2025-04-16 14:18:14.254594
2025-04-16 14:28:14 INFO weather.py:369: Fetched new weather data at 2025-04-16 14:28:14.264641
2025-04-16 14:38:14 INFO weather.py:369: Fetched new weather data at 2025-04-16 14:38:14.264603
2025-04-16 16:13:42 INFO weather.py:369: Fetched new weather data at 2025-04-16 16:13:42.633727
2025-04-16 16:23:42 INFO weather.py:369: Fetched new weather data at 2025-04-16 16:23:42.624277
2025-04-16 16:33:42 INFO weather.py:369: Fetched new weather data at 2025-04-16 16:33:42.651616
2025-04-16 16:48:38 INFO weather.py:369: Fetched new weather data at 2025-04-16 16:48:38.751015
2025-04-16 17:14:20 INFO weather.py:369: Fetched new weather data at 2025-04-16 17:14:20.676763
2025-04-16 17:24:20 INFO weather.py:369: Fetched new weather data at 2025-04-16 17:24:20.681142
2025-04-16 17:34:20 INFO weather.py:369: Fetched new weather data at 2025-04-16 17:34:20.684654
2025-04-16 17:44:20 INFO weather.py:369: Fetched new weather data at 2025-04-16 17:44:20.683405
2025-04-16 17:54:40 INFO weather.py:369: Fetched new weather data at 2025-04-16 17:54:40.637089
2025-04-16 18:38:27 INFO weather.py:369: Fetched new weather data at 2025-04-16 18:38:27.781599
2025-04-16 18:48:27 INFO weather.py:369: Fetched new weather data at 2025-04-16 18:48:27.781125
2025-04-16 18:58:27 INFO weather.py:369: Fetched new weather data at 2025-04-16 18:58:27.783340
2025-04-16 19:26:32 INFO weather.py:369: Fetched new weather data at 2025-04-16 19:26:32.364409
2025-04-16 19:36:32 INFO weather.py:369: Fetched new weather data at 2025-04-16 19:36:32.360797
2025-04-16 19:46:32 INFO weather.py:369: Fetched new weather data at 2025-04-16 19:46:32.375849
2025-04-16 21:02:36 INFO weather.py:369: Fetched new weather data at 2025-04-16 21:02:36.337328
2025-04-16 21:12:36 INFO weather.py:369: Fetched new weather data at 2025-04-16 21:12:36.346247
2025-04-16 21:22:36 INFO weather.py:369: Fetched new weather data at 2025-04-16 21:22:36.348649
2025-04-16 21:44:34 INFO weather.py:369: Fetched new weather data at 2025-04-16 21:44:34.263181
2025-04-17 16:09:32 INFO weather.py:369: Fetched new weather data at 2025-04-17 16:09:32.786205
2025-04-17 16:09:32 ERROR weather.py:473: Error fetching weather data: <urlopen error [Errno 11001] getaddrinfo failed>
2025-04-17 16:35:01 INFO weather.py:369: Fetched new weather data at 2025-04-17 16:35:01.003493
2025-04-17 16:59:15 INFO weather.py:369: Fetched new weather data at 2025-04-17 16:59:15.637565
2025-04-17 17:09:15 INFO weather.py:369: Fetched new weather data at 2025-04-17 17:09:15.636869
2025-04-17 17:19:15 INFO weather.py:369: Fetched new weather data at 2025-04-17 17:19:15.625473
2025-04-17 17:29:15 INFO weather.py:369: Fetched new weather data at 2025-04-17 17:29:15.635526
2025-04-17 17:39:15 INFO weather.py:369: Fetched new weather data at 2025-04-17 17:39:15.650541
2025-04-17 17:50:26 INFO weather.py:369: Fetched new weather data at 2025-04-17 17:50:26.766863
2025-04-17 18:14:31 INFO weather.py:369: Fetched new weather data at 2025-04-17 18:14:31.625842
2025-04-17 19:04:39 INFO weather.py:369: Fetched new weather data at 2025-04-17 19:04:39.962085
2025-04-17 19:14:39 INFO weather.py:369: Fetched new weather data at 2025-04-17 19:14:39.957968
2025-04-17 22:02:29 INFO weather.py:369: Fetched new weather data at 2025-04-17 22:02:29.502044
2025-04-17 22:02:29 ERROR weather.py:473: Error fetching weather data: <urlopen error [Errno 11001] getaddrinfo failed>
2025-04-18 16:08:31 INFO weather.py:369: Fetched new weather data at 2025-04-18 16:08:31.500000
2025-04-18 16:08:31 ERROR weather.py:473: Error fetching weather data: <urlopen error [Errno 11001] getaddrinfo failed>
2025-04-18 16:38:51 INFO log.py:21: Yasb v1.6.9
2025-04-18 16:38:52 DEBUG win32.py:55: Looking up time zone info from registry
2025-04-18 16:38:57 INFO weather.py:369: Fetched new weather data at 2025-04-18 16:38:57.283216
2025-04-18 16:38:57 DEBUG __init__.py:149: CoInitializeEx(None, 2)
2025-04-18 16:38:58 INFO watcher.py:39: Created file watcher for path C:\Users\dagur\.config\yasb
2025-04-18 16:38:58 INFO event_listener.py:53: Created named pipe yasb-4ccd88ff-1cae-11f0-b982-985f41fad8f8
2025-04-18 16:38:58 WARNING weather.py:415: Could not load icon http://cdn.weatherapi.com/weather/64x64/day/113.png: <urlopen error [WinError 10051] A socket operation was attempted to an unreachable network>
2025-04-18 16:38:58 DEBUG _windows.py:213: Starting (proactor: <_IocpProactor overlapped#=0 result#=0>)...
2025-04-18 16:38:58 DEBUG _windows.py:192: Thread started
2025-04-18 16:48:57 INFO weather.py:369: Fetched new weather data at 2025-04-18 16:48:57.290094
2025-04-18 16:58:57 INFO weather.py:369: Fetched new weather data at 2025-04-18 16:58:57.287140
2025-04-18 17:29:13 INFO weather.py:369: Fetched new weather data at 2025-04-18 17:29:13.843906
2025-04-18 17:39:13 INFO weather.py:369: Fetched new weather data at 2025-04-18 17:39:13.853188
2025-04-18 17:49:13 INFO weather.py:369: Fetched new weather data at 2025-04-18 17:49:13.853503
2025-04-18 17:59:13 INFO weather.py:369: Fetched new weather data at 2025-04-18 17:59:13.840873
2025-04-18 18:09:13 INFO weather.py:369: Fetched new weather data at 2025-04-18 18:09:13.848137
2025-04-18 18:19:13 INFO weather.py:369: Fetched new weather data at 2025-04-18 18:19:13.847557
2025-04-18 18:29:13 INFO weather.py:369: Fetched new weather data at 2025-04-18 18:29:13.846502
2025-04-18 18:39:13 INFO weather.py:369: Fetched new weather data at 2025-04-18 18:39:13.849758
2025-04-18 18:49:13 INFO weather.py:369: Fetched new weather data at 2025-04-18 18:49:13.845656
2025-04-18 19:48:50 INFO weather.py:369: Fetched new weather data at 2025-04-18 19:48:50.507012
2025-04-18 19:58:50 INFO weather.py:369: Fetched new weather data at 2025-04-18 19:58:50.507699
2025-04-18 20:08:50 INFO weather.py:369: Fetched new weather data at 2025-04-18 20:08:50.507251
2025-04-18 20:18:50 INFO weather.py:369: Fetched new weather data at 2025-04-18 20:18:50.500355
2025-04-18 20:28:50 INFO weather.py:369: Fetched new weather data at 2025-04-18 20:28:50.503847
2025-04-18 20:38:50 INFO weather.py:369: Fetched new weather data at 2025-04-18 20:38:50.501569
2025-04-18 20:48:50 INFO weather.py:369: Fetched new weather data at 2025-04-18 20:48:50.501566
2025-04-18 20:58:50 INFO weather.py:369: Fetched new weather data at 2025-04-18 20:58:50.517319
2025-04-18 21:08:50 INFO weather.py:369: Fetched new weather data at 2025-04-18 21:08:50.515570
2025-04-18 21:18:50 INFO weather.py:369: Fetched new weather data at 2025-04-18 21:18:50.526429
2025-04-18 21:28:50 INFO weather.py:369: Fetched new weather data at 2025-04-18 21:28:50.526196
2025-04-19 10:11:31 INFO weather.py:369: Fetched new weather data at 2025-04-19 10:11:31.529614
2025-04-19 10:11:31 ERROR weather.py:473: Error fetching weather data: <urlopen error [Errno 11001] getaddrinfo failed>
2025-04-19 10:23:52 INFO weather.py:369: Fetched new weather data at 2025-04-19 10:23:52.908373
2025-04-19 10:33:52 INFO weather.py:369: Fetched new weather data at 2025-04-19 10:33:52.919594
2025-04-19 10:43:52 INFO weather.py:369: Fetched new weather data at 2025-04-19 10:43:52.920837
2025-04-19 10:53:52 INFO weather.py:369: Fetched new weather data at 2025-04-19 10:53:52.935480
2025-04-19 11:03:52 INFO weather.py:369: Fetched new weather data at 2025-04-19 11:03:52.946395
2025-04-19 11:34:40 INFO weather.py:369: Fetched new weather data at 2025-04-19 11:34:40.817389
2025-04-19 11:45:40 INFO weather.py:369: Fetched new weather data at 2025-04-19 11:45:40.761016
2025-04-19 11:55:40 INFO weather.py:369: Fetched new weather data at 2025-04-19 11:55:40.765751
2025-04-19 12:07:35 INFO weather.py:369: Fetched new weather data at 2025-04-19 12:07:35.279528
2025-04-19 12:17:35 INFO weather.py:369: Fetched new weather data at 2025-04-19 12:17:35.293322
2025-04-19 12:31:44 INFO weather.py:369: Fetched new weather data at 2025-04-19 12:31:44.308014
2025-04-19 12:41:44 INFO weather.py:369: Fetched new weather data at 2025-04-19 12:41:44.312420
2025-04-19 12:51:44 INFO weather.py:369: Fetched new weather data at 2025-04-19 12:51:44.327396
2025-04-19 13:36:51 INFO weather.py:369: Fetched new weather data at 2025-04-19 13:36:51.676828
2025-04-19 13:46:51 INFO weather.py:369: Fetched new weather data at 2025-04-19 13:46:51.684554
2025-04-19 13:59:00 INFO controller.py:27: Exiting Application from CLI...
2025-04-19 13:59:00 DEBUG _windows.py:218: Stopping worker thread...
2025-04-19 13:59:00 DEBUG _windows.py:201: Exiting thread
2025-04-19 13:59:00 DEBUG _windows.py:75: Closing
2025-04-19 13:59:03 INFO log.py:21: Yasb v1.6.9
2025-04-19 13:59:07 INFO weather.py:369: Fetched new weather data at 2025-04-19 13:59:07.073387
2025-04-19 13:59:07 DEBUG win32.py:55: Looking up time zone info from registry
2025-04-19 13:59:12 DEBUG __init__.py:149: CoInitializeEx(None, 2)
2025-04-19 13:59:14 INFO watcher.py:39: Created file watcher for path C:\Users\dagur\.config\yasb
2025-04-19 13:59:14 DEBUG _windows.py:213: Starting (proactor: <_IocpProactor overlapped#=0 result#=0>)...
2025-04-19 13:59:14 DEBUG _windows.py:192: Thread started
2025-04-19 13:59:39 INFO controller.py:27: Exiting Application from CLI...
2025-04-19 13:59:39 DEBUG _windows.py:218: Stopping worker thread...
2025-04-19 13:59:39 DEBUG _windows.py:201: Exiting thread
2025-04-19 13:59:39 DEBUG _windows.py:75: Closing
2025-04-19 13:59:40 INFO log.py:21: Yasb v1.6.9
2025-04-19 13:59:41 INFO weather.py:369: Fetched new weather data at 2025-04-19 13:59:41.165660
2025-04-19 13:59:41 DEBUG __init__.py:149: CoInitializeEx(None, 2)
2025-04-19 13:59:41 DEBUG win32.py:55: Looking up time zone info from registry
2025-04-19 13:59:41 INFO watcher.py:39: Created file watcher for path C:\Users\dagur\.config\yasb
2025-04-19 13:59:42 DEBUG _windows.py:213: Starting (proactor: <_IocpProactor overlapped#=0 result#=0>)...
2025-04-19 13:59:42 DEBUG _windows.py:192: Thread started
2025-04-19 14:00:12 INFO controller.py:27: Exiting Application from CLI...
2025-04-19 14:00:12 DEBUG _windows.py:218: Stopping worker thread...
2025-04-19 14:00:12 DEBUG _windows.py:201: Exiting thread
2025-04-19 14:00:12 DEBUG _windows.py:75: Closing
2025-04-19 14:00:13 INFO log.py:21: Yasb v1.6.9
2025-04-19 14:00:13 DEBUG win32.py:55: Looking up time zone info from registry
2025-04-19 14:00:14 INFO weather.py:369: Fetched new weather data at 2025-04-19 14:00:14.121388
2025-04-19 14:00:14 DEBUG __init__.py:149: CoInitializeEx(None, 2)
2025-04-19 14:00:14 INFO watcher.py:39: Created file watcher for path C:\Users\dagur\.config\yasb
2025-04-19 14:00:14 INFO event_listener.py:53: Created named pipe yasb-4a96da39-1d61-11f0-bbf0-985f41fad8f8
2025-04-19 14:00:14 DEBUG _windows.py:213: Starting (proactor: <_IocpProactor overlapped#=0 result#=0>)...
2025-04-19 14:00:14 DEBUG _windows.py:192: Thread started
2025-04-19 14:01:40 INFO controller.py:12: Reloading Application because of config update...
2025-04-19 14:01:40 DEBUG _windows.py:218: Stopping worker thread...
2025-04-19 14:01:40 DEBUG _windows.py:201: Exiting thread
2025-04-19 14:01:40 DEBUG _windows.py:75: Closing
2025-04-19 14:01:40 INFO log.py:21: Yasb v1.6.9
2025-04-19 14:01:40 DEBUG win32.py:55: Looking up time zone info from registry
2025-04-19 14:01:40 INFO weather.py:369: Fetched new weather data at 2025-04-19 14:01:40.913101
2025-04-19 14:01:40 DEBUG __init__.py:149: CoInitializeEx(None, 2)
2025-04-19 14:01:41 INFO watcher.py:39: Created file watcher for path C:\Users\dagur\.config\yasb
2025-04-19 14:01:41 INFO event_listener.py:53: Created named pipe yasb-7e3e63e8-1d61-11f0-859a-985f41fad8f8
2025-04-19 14:01:41 DEBUG _windows.py:213: Starting (proactor: <_IocpProactor overlapped#=0 result#=0>)...
2025-04-19 14:01:41 DEBUG _windows.py:192: Thread started
2025-04-19 15:03:27 INFO weather.py:369: Fetched new weather data at 2025-04-19 15:03:27.888205
2025-04-19 15:13:27 INFO weather.py:369: Fetched new weather data at 2025-04-19 15:13:27.893953
2025-04-19 15:23:27 INFO weather.py:369: Fetched new weather data at 2025-04-19 15:23:27.897671
2025-04-19 15:33:27 INFO weather.py:369: Fetched new weather data at 2025-04-19 15:33:27.901661
2025-04-19 15:43:27 INFO weather.py:369: Fetched new weather data at 2025-04-19 15:43:27.897222
2025-04-19 15:53:10 INFO controller.py:27: Exiting Application from CLI...
2025-04-19 15:53:10 DEBUG _windows.py:218: Stopping worker thread...
2025-04-19 15:53:10 DEBUG _windows.py:201: Exiting thread
2025-04-19 15:53:10 DEBUG _windows.py:75: Closing
2025-04-19 15:53:11 INFO log.py:21: Yasb v1.6.9
2025-04-19 15:53:11 INFO weather.py:369: Fetched new weather data at 2025-04-19 15:53:11.667645
2025-04-19 15:53:11 DEBUG __init__.py:149: CoInitializeEx(None, 2)
2025-04-19 15:53:11 DEBUG win32.py:55: Looking up time zone info from registry
2025-04-19 15:53:12 INFO watcher.py:39: Created file watcher for path C:\Users\dagur\.config\yasb
2025-04-19 15:53:12 DEBUG _windows.py:213: Starting (proactor: <_IocpProactor overlapped#=0 result#=0>)...
2025-04-19 15:53:12 DEBUG _windows.py:192: Thread started
2025-04-19 15:54:29 INFO controller.py:27: Exiting Application from CLI...
2025-04-19 15:54:29 DEBUG _windows.py:218: Stopping worker thread...
2025-04-19 15:54:29 DEBUG _windows.py:201: Exiting thread
2025-04-19 15:54:29 DEBUG _windows.py:75: Closing
2025-04-19 15:54:31 INFO log.py:21: Yasb v1.6.9
2025-04-19 15:54:31 DEBUG win32.py:55: Looking up time zone info from registry
2025-04-19 15:54:32 INFO weather.py:369: Fetched new weather data at 2025-04-19 15:54:32.267602
2025-04-19 15:54:32 DEBUG __init__.py:149: CoInitializeEx(None, 2)
2025-04-19 15:54:32 ERROR github.py:410: HTTP Error occurred: 401 - {"message":"Bad credentials","documentation_url":"https://docs.github.com/rest","status":"401"}
2025-04-19 15:54:33 INFO watcher.py:39: Created file watcher for path C:\Users\dagur\.config\yasb
2025-04-19 15:54:33 INFO event_listener.py:53: Created named pipe yasb-42704f30-1d71-11f0-aa5e-985f41fad8f8
2025-04-19 15:54:33 DEBUG _windows.py:213: Starting (proactor: <_IocpProactor overlapped#=0 result#=0>)...
2025-04-19 15:54:33 DEBUG _windows.py:192: Thread started
2025-04-19 15:55:32 ERROR github.py:410: HTTP Error occurred: 401 - {"message":"Bad credentials","documentation_url":"https://docs.github.com/rest","status":"401"}
2025-04-19 15:56:32 ERROR github.py:410: HTTP Error occurred: 401 - {"message":"Bad credentials","documentation_url":"https://docs.github.com/rest","status":"401"}
2025-04-19 15:57:31 INFO controller.py:27: Exiting Application from CLI...
2025-04-19 15:57:31 DEBUG _windows.py:218: Stopping worker thread...
2025-04-19 15:57:31 DEBUG _windows.py:201: Exiting thread
2025-04-19 15:57:31 DEBUG _windows.py:75: Closing
2025-04-19 15:57:31 ERROR event_service.py:30: Failed to emit signal <bound PYQT_SIGNAL update_event of TaskbarWidget object at 0x0000021B103C2CB0>. Removing link to WinEvent.EventObjectDestroy.
2025-04-19 15:57:31 INFO log.py:21: Yasb v1.6.9
2025-04-19 15:57:32 DEBUG win32.py:55: Looking up time zone info from registry
2025-04-19 15:57:32 INFO weather.py:369: Fetched new weather data at 2025-04-19 15:57:32.329942
2025-04-19 15:57:32 DEBUG __init__.py:149: CoInitializeEx(None, 2)
2025-04-19 15:57:33 INFO watcher.py:39: Created file watcher for path C:\Users\dagur\.config\yasb
2025-04-19 15:57:33 INFO event_listener.py:53: Created named pipe yasb-adabbefb-1d71-11f0-a6c7-985f41fad8f8
2025-04-19 15:57:33 DEBUG _windows.py:213: Starting (proactor: <_IocpProactor overlapped#=0 result#=0>)...
2025-04-19 15:57:33 DEBUG _windows.py:192: Thread started
2025-04-19 16:07:32 INFO weather.py:369: Fetched new weather data at 2025-04-19 16:07:32.335824
2025-04-19 16:23:54 INFO weather.py:369: Fetched new weather data at 2025-04-19 16:23:54.819726
2025-04-19 16:23:54 ERROR weather.py:473: Error fetching weather data: <urlopen error [Errno 11001] getaddrinfo failed>
2025-04-19 16:33:54 INFO weather.py:369: Fetched new weather data at 2025-04-19 16:33:54.564030
2025-04-19 18:44:17 INFO weather.py:369: Fetched new weather data at 2025-04-19 18:44:17.653175
2025-04-19 18:54:17 INFO weather.py:369: Fetched new weather data at 2025-04-19 18:54:17.662817
2025-04-19 19:06:09 INFO weather.py:369: Fetched new weather data at 2025-04-19 19:06:09.701261
2025-04-19 19:16:49 INFO weather.py:369: Fetched new weather data at 2025-04-19 19:16:49.614161
2025-04-19 19:26:49 INFO weather.py:369: Fetched new weather data at 2025-04-19 19:26:49.629865
2025-04-19 19:36:49 INFO weather.py:369: Fetched new weather data at 2025-04-19 19:36:49.639877
2025-04-19 19:50:10 INFO weather.py:369: Fetched new weather data at 2025-04-19 19:50:10.462771
2025-04-19 20:00:10 INFO weather.py:369: Fetched new weather data at 2025-04-19 20:00:10.456965
2025-04-19 20:10:10 INFO weather.py:369: Fetched new weather data at 2025-04-19 20:10:10.452148
2025-04-19 20:20:17 INFO weather.py:369: Fetched new weather data at 2025-04-19 20:20:17.194202
2025-04-19 20:30:17 INFO weather.py:369: Fetched new weather data at 2025-04-19 20:30:17.185503
2025-04-19 20:40:17 INFO weather.py:369: Fetched new weather data at 2025-04-19 20:40:17.206299
2025-04-19 20:50:17 INFO weather.py:369: Fetched new weather data at 2025-04-19 20:50:17.201784
2025-04-19 21:00:17 INFO weather.py:369: Fetched new weather data at 2025-04-19 21:00:17.209896
2025-04-20 09:53:47 INFO weather.py:369: Fetched new weather data at 2025-04-20 09:53:47.605151
2025-04-20 10:42:40 INFO weather.py:369: Fetched new weather data at 2025-04-20 10:42:40.891613
2025-04-20 10:52:40 INFO weather.py:369: Fetched new weather data at 2025-04-20 10:52:40.891193
2025-04-20 11:19:02 INFO weather.py:369: Fetched new weather data at 2025-04-20 11:19:02.571478
2025-04-20 11:29:02 INFO weather.py:369: Fetched new weather data at 2025-04-20 11:29:02.571440
2025-04-20 11:39:02 INFO weather.py:369: Fetched new weather data at 2025-04-20 11:39:02.575198
2025-04-20 11:49:02 INFO weather.py:369: Fetched new weather data at 2025-04-20 11:49:02.580221
2025-04-20 11:59:02 INFO weather.py:369: Fetched new weather data at 2025-04-20 11:59:02.573523
2025-04-20 12:09:02 INFO weather.py:369: Fetched new weather data at 2025-04-20 12:09:02.573762
2025-04-20 12:19:02 INFO weather.py:369: Fetched new weather data at 2025-04-20 12:19:02.585439
2025-04-20 12:29:02 INFO weather.py:369: Fetched new weather data at 2025-04-20 12:29:02.581134
2025-04-20 12:39:02 INFO weather.py:369: Fetched new weather data at 2025-04-20 12:39:02.579690
2025-04-20 12:49:02 INFO weather.py:369: Fetched new weather data at 2025-04-20 12:49:02.587801
2025-04-20 12:59:02 INFO weather.py:369: Fetched new weather data at 2025-04-20 12:59:02.581150
2025-04-20 13:09:02 INFO weather.py:369: Fetched new weather data at 2025-04-20 13:09:02.583255
2025-04-20 13:59:16 INFO weather.py:369: Fetched new weather data at 2025-04-20 13:59:16.061612
2025-04-20 13:59:16 ERROR weather.py:473: Error fetching weather data: <urlopen error [Errno 11001] getaddrinfo failed>
2025-04-20 14:09:15 INFO weather.py:369: Fetched new weather data at 2025-04-20 14:09:15.922135
2025-04-20 14:19:15 INFO weather.py:369: Fetched new weather data at 2025-04-20 14:19:15.920956
2025-04-20 15:52:53 INFO weather.py:369: Fetched new weather data at 2025-04-20 15:52:53.406441
2025-04-20 16:02:53 INFO weather.py:369: Fetched new weather data at 2025-04-20 16:02:53.401035
2025-04-20 16:12:53 INFO weather.py:369: Fetched new weather data at 2025-04-20 16:12:53.410863
2025-04-20 16:22:53 INFO weather.py:369: Fetched new weather data at 2025-04-20 16:22:53.406527
2025-04-20 16:26:10 DEBUG _windows.py:218: Stopping worker thread...
2025-04-20 16:26:10 DEBUG _windows.py:201: Exiting thread
2025-04-20 16:26:10 DEBUG _windows.py:75: Closing
2025-04-20 17:15:31 INFO log.py:21: Yasb v1.6.9
2025-04-20 17:15:32 DEBUG win32.py:55: Looking up time zone info from registry
2025-04-20 17:15:33 INFO log.py:21: Yasb v1.6.9
2025-04-20 17:15:33 ERROR main.py:34: Another instance of the YASB is already running.
2025-04-20 17:15:36 INFO weather.py:369: Fetched new weather data at 2025-04-20 17:15:36.981548
2025-04-20 17:15:37 DEBUG __init__.py:149: CoInitializeEx(None, 2)
2025-04-20 17:15:38 INFO watcher.py:39: Created file watcher for path C:\Users\dagur\.config\yasb
2025-04-20 17:15:38 INFO event_listener.py:53: Created named pipe yasb-c088352a-1e45-11f0-b10a-985f41fad8f8
2025-04-20 17:15:38 DEBUG _windows.py:213: Starting (proactor: <_IocpProactor overlapped#=0 result#=0>)...
2025-04-20 17:15:38 DEBUG _windows.py:192: Thread started
2025-04-20 17:25:36 INFO weather.py:369: Fetched new weather data at 2025-04-20 17:25:36.974596
2025-04-20 17:35:36 INFO weather.py:369: Fetched new weather data at 2025-04-20 17:35:36.979198
2025-04-20 17:45:36 INFO weather.py:369: Fetched new weather data at 2025-04-20 17:45:36.968945
2025-04-20 18:40:55 INFO weather.py:369: Fetched new weather data at 2025-04-20 18:40:55.648361
2025-04-20 18:50:55 INFO weather.py:369: Fetched new weather data at 2025-04-20 18:50:55.640661
2025-04-20 19:00:55 INFO weather.py:369: Fetched new weather data at 2025-04-20 19:00:55.646413
